<?xml version="1.0" encoding="UTF-8"?>
<testsuite name="org.wso2.balana.BaseTestCase" time="3.384" tests="24" errors="0" skipped="0" failures="0">
  <properties>
[...]
</properties>
  <testcase name="testConformanceTestB" classname="org.wso2.balana.conformance.ConformanceTestV2" time="0.84"/>
  <testcase name="testConformanceTestA" classname="org.wso2.balana.conformance.ConformanceTestV2" time="0.15"/>
  <testcase name="testConformanceTestC" classname="org.wso2.balana.conformance.ConformanceTestV2" time="1.48"/>
  <testcase name="testConformanceTestD" classname="org.wso2.balana.conformance.ConformanceTestV2" time="0.127"/>
  <testcase name="testConformanceTestA" classname="org.wso2.balana.conformance.ConformanceTestV3" time="0.198"/>
  <testcase name="testBasicTest0003" classname="org.wso2.balana.basic.BasicTestV3" time="0.021"/>
  <testcase name="testBasicTest0002" classname="org.wso2.balana.basic.BasicTestV3" time="0.02"/>
  <testcase name="testBasicTest0001" classname="org.wso2.balana.basic.BasicTestV3" time="0.028"/>
  <testcase name="testBasicTest0004" classname="org.wso2.balana.basic.BasicTestV3" time="0.019"/>
  <testcase name="testBasicTest0005" classname="org.wso2.balana.basic.BasicTestV3" time="0.012"/>
  <testcase name="testBasicTest0003" classname="org.wso2.balana.basic.TestFunctionV3" time="0.01"/>
  <testcase name="testBasicTest0002" classname="org.wso2.balana.basic.TestFunctionV3" time="0.009"/>
  <testcase name="testBasicTest0001" classname="org.wso2.balana.basic.TestFunctionV3" time="0.011"/>
  <testcase name="testBasicTest0001" classname="org.wso2.balana.basic.TestMultipleRequestV3" time="0.011"/>
  <testcase name="testBasicTest0003" classname="org.wso2.balana.basic.TestXPathV3" time="0.138"/>
  <testcase name="testBasicTest0002" classname="org.wso2.balana.basic.TestXPathV3" time="0.022"/>
  <testcase name="testBasicTest0001" classname="org.wso2.balana.basic.TestXPathV3" time="0.022"/>
  <testcase name="testBasicTest0004" classname="org.wso2.balana.basic.TestXPathV3" time="0.017"/>
  <testcase name="testBasicTest0005" classname="org.wso2.balana.basic.TestXPathV3" time="0.022"/>
  <testcase name="testConformanceTestA" classname="org.wso2.balana.conformance.ConformanceTestV3" time="0.154"/>
  <testcase name="testAdvanceTest0001" classname="org.wso2.balana.advance.AdvanceTestV3" time="0.006"/>
  <testcase name="testAdvanceTest0003" classname="org.wso2.balana.advance.AdvanceTestV3" time="0.053"/>
  <testcase name="testBasics1" classname="org.wso2.balana.finder.impl.TestInMemoryPolicyFinderModule" time="0.007"/>
  <testcase name="testBasics2" classname="org.wso2.balana.finder.impl.TestInMemoryPolicyFinderModule" time="0.007"/>
</testsuite>